android/app/build/outputs/mapping/release/mapping.txt
# compiler: R8
# compiler_version: 3.0.76
# min_api: 21
# pg_map_id: b8c4cce
# common_typos_disable
com.F1M2ST.soexample.AnExampleReactPackage -> x0.a:
    java.util.List createNativeModules(com.facebook.react.bridge.ReactApplicationContext) -> c
    java.util.List createViewManagers(com.facebook.react.bridge.ReactApplicationContext) -> d
com.F1M2ST.soexample.MainActivity -> com.F1M2ST.soexample.MainActivity:
    java.lang.String Affcodes -> t
    com.facebook.react.ReactActivityDelegate createReactActivityDelegate() -> K
    java.lang.String getMainComponentName() -> L
    void getTinstall() -> M
com.F1M2ST.soexample.MainActivity$1 -> com.F1M2ST.soexample.MainActivity$a:
com.F1M2ST.soexample.MainActivity$MainActivityDelegate -> com.F1M2ST.soexample.MainActivity$b:
    com.facebook.react.ReactRootView createRootView() -> c
com.F1M2ST.soexample.MainApplication -> com.F1M2ST.soexample.MainApplication:
    android.os.Handler handler -> a
    java.lang.String TAG -> c
    android.content.Context context -> d
    com.facebook.react.ReactNativeHost mReactNativeHost -> b
    com.facebook.react.ReactNativeHost getReactNativeHost() -> a
    android.os.Handler access$000(com.F1M2ST.soexample.MainApplication) -> b
    java.lang.String access$100() -> c
    android.content.Context getContext() -> d
    void initUpush() -> e
    void initializeFlipper(android.content.Context,com.facebook.react.ReactInstanceManager) -> f
com.F1M2ST.soexample.MainApplication$1 -> com.F1M2ST.soexample.MainApplication$a:
    java.lang.String getJSBundleFile() -> e
    java.lang.String getJSMainModuleName() -> g
    java.util.List getPackages() -> i
    boolean getUseDeveloperSupport() -> p
com.F1M2ST.soexample.MainApplication$2 -> com.F1M2ST.soexample.MainApplication$b:
    com.F1M2ST.soexample.MainApplication this$0 -> i
com.F1M2ST.soexample.MainApplication$2$1 -> com.F1M2ST.soexample.MainApplication$b$a:
    android.content.Context val$context -> b
    com.F1M2ST.soexample.MainApplication$2 this$1 -> c
    com.umeng.message.entity.UMessage val$msg -> a
com.F1M2ST.soexample.MainApplication$3 -> com.F1M2ST.soexample.MainApplication$c:
com.F1M2ST.soexample.MainApplication$4 -> com.F1M2ST.soexample.MainApplication$d:
com.F1M2ST.soexample.invokenative.DplusReactPackage -> com.F1M2ST.soexample.invokenative.a:
    java.util.List createNativeModules(com.facebook.react.bridge.ReactApplicationContext) -> c
    java.util.List createViewManagers(com.facebook.react.bridge.ReactApplicationContext) -> d
com.F1M2ST.soexample.invokenative.PushModule$1 -> com.F1M2ST.soexample.invokenative.PushModule$a:
    com.facebook.react.bridge.Callback val$successCallback -> a
    void onMessage(boolean,com.umeng.message.common.inter.ITagManager$Result) -> a
com.F1M2ST.soexample.invokenative.PushModule$2 -> com.F1M2ST.soexample.invokenative.PushModule$b:
    com.facebook.react.bridge.Callback val$successCallback -> a
    void onMessage(boolean,com.umeng.message.common.inter.ITagManager$Result) -> a
com.F1M2ST.soexample.invokenative.PushModule$3 -> com.F1M2ST.soexample.invokenative.PushModule$c:
    com.facebook.react.bridge.Callback val$successCallback -> a
    com.F1M2ST.soexample.invokenative.PushModule this$0 -> b
    void onMessage(boolean,java.util.List) -> a
com.F1M2ST.soexample.invokenative.PushModule$3$1 -> com.F1M2ST.soexample.invokenative.PushModule$c$a:
    java.util.List val$result -> b
    com.F1M2ST.soexample.invokenative.PushModule$3 this$1 -> c
    boolean val$isSuccess -> a
com.F1M2ST.soexample.invokenative.PushModule$4 -> com.F1M2ST.soexample.invokenative.PushModule$d:
    com.facebook.react.bridge.Callback val$successCallback -> a
com.F1M2ST.soexample.invokenative.PushModule$5 -> com.F1M2ST.soexample.invokenative.PushModule$e:
    com.facebook.react.bridge.Callback val$successCallback -> a
com.F1M2ST.soexample.invokenative.PushModule$6 -> com.F1M2ST.soexample.invokenative.PushModule$f:
    com.facebook.react.bridge.Callback val$successCallback -> a
...
androidx.appcompat.widget.SearchView$OnSuggestionListener -> androidx.appcompat.widget.SearchView$m:
    boolean onSuggestionSelect(int) -> a
    boolean onSuggestionClick(int) -> b
androidx.appcompat.widget.SearchView$PreQAutoCompleteTextViewReflector -> androidx.appcompat.widget.SearchView$n:
    java.lang.reflect.Method mEnsureImeVisible -> c
    java.lang.reflect.Method mDoBeforeTextChanged -> a
    java.lang.reflect.Method mDoAfterTextChanged -> b
    void doAfterTextChanged(android.widget.AutoCompleteTextView) -> a
    void doBeforeTextChanged(android.widget.AutoCompleteTextView) -> b
    void ensureImeVisible(android.widget.AutoCompleteTextView) -> c
    void preApi29Check() -> d
androidx.appcompat.widget.SearchView$SavedState -> androidx.appcompat.widget.SearchView$o:
    boolean isIconified -> c
androidx.appcompat.widget.SearchView$SavedState$1 -> androidx.appcompat.widget.SearchView$o$a:
    androidx.appcompat.widget.SearchView$SavedState createFromParcel(android.os.Parcel) -> a
    androidx.appcompat.widget.SearchView$SavedState createFromParcel(android.os.Parcel,java.lang.ClassLoader) -> b
    androidx.appcompat.widget.SearchView$SavedState[] newArray(int) -> c
androidx.appcompat.widget.SearchView$SearchAutoComplete -> androidx.appcompat.widget.SearchView$SearchAutoComplete:
    java.lang.Runnable mRunShowSoftInputIfNecessary -> g
    boolean mHasPendingShowSoftInputRequest -> f
    int mThreshold -> d
    androidx.appcompat.widget.SearchView mSearchView -> e
    void ensureImeVisible() -> a
    boolean isEmpty() -> b
    void showSoftInputIfNecessary() -> c
androidx.appcompat.widget.SearchView$SearchAutoComplete$1 -> androidx.appcompat.widget.SearchView$SearchAutoComplete$a:
    androidx.appcompat.widget.SearchView$SearchAutoComplete this$0 -> a
androidx.appcompat.widget.SearchView$UpdatableTouchDelegate -> androidx.appcompat.widget.SearchView$p:
    android.view.View mDelegateView -> a
    boolean mDelegateTargeted -> f
    int mSlop -> e
    android.graphics.Rect mActualBounds -> c
    android.graphics.Rect mSlopBounds -> d
    android.graphics.Rect mTargetBounds -> b
    void setBounds(android.graphics.Rect,android.graphics.Rect) -> a
androidx.appcompat.widget.SuggestionsAdapter -> androidx.appcompat.widget.q0:
    android.content.res.ColorStateList mUrlColor -> s
    boolean mClosed -> q
    java.util.WeakHashMap mOutsideDrawablesCache -> o
    int mIconName2Col -> x
    androidx.appcompat.widget.SearchView mSearchView -> l
    android.content.Context mProviderContext -> n
    int mFlagsCol -> y
    int mText2UrlCol -> v
    android.app.SearchableInfo mSearchable -> m
    int mIconName1Col -> w
    int mText1Col -> t
    int mText2Col -> u
    int mQueryRefinement -> r
    int mCommitIconResId -> p
    void storeInIconCache(java.lang.String,android.graphics.drawable.Drawable) -> A
    void updateSpinnerState(android.database.Cursor) -> B
    void changeCursor(android.database.Cursor) -> a
    java.lang.CharSequence convertToString(android.database.Cursor) -> c
    android.database.Cursor runQueryOnBackgroundThread(java.lang.CharSequence) -> d
    void bindView(android.view.View,android.content.Context,android.database.Cursor) -> e
    android.view.View newView(android.content.Context,android.database.Cursor,android.view.ViewGroup) -> h
    android.graphics.drawable.Drawable checkIconCache(java.lang.String) -> k
    java.lang.CharSequence formatUrl(java.lang.CharSequence) -> l
    android.graphics.drawable.Drawable getActivityIcon(android.content.ComponentName) -> m
    android.graphics.drawable.Drawable getActivityIconWithCache(android.content.ComponentName) -> n
androidx.appcompat.widget.SuggestionsAdapter$ChildViewCache -> androidx.appcompat.widget.q0$a:
    android.widget.TextView mText1 -> a
    android.widget.TextView mText2 -> b
    android.widget.ImageView mIcon2 -> d
    android.widget.ImageView mIconRefine -> e
    android.widget.ImageView mIcon1 -> c