android/app/build/outputs/mapping/release/usage.txt
com.F1M2ST.soexample.AnExampleReactPackage:
    public java.util.List createJSModules()
com.F1M2ST.soexample.BuildConfig
com.F1M2ST.soexample.R
com.F1M2ST.soexample.invokenative.RNUMConfigure:
    public void <init>()
com.F1M2ST.soexample.MainActivity$1:
    final synthetic com.F1M2ST.soexample.MainActivity this$0
com.F1M2ST.soexample.MainApplication$1:
    final synthetic com.F1M2ST.soexample.MainApplication this$0
com.F1M2ST.soexample.MainApplication$3:
    final synthetic com.F1M2ST.soexample.MainApplication this$0
com.F1M2ST.soexample.MainApplication$4:
    final synthetic com.F1M2ST.soexample.MainApplication this$0
com.F1M2ST.soexample.MainApplication:
    private final com.facebook.react.ReactNativeHost mNewArchitectureNativeHost
com.F1M2ST.soexample.R$styleable:
    public static final int[] ActionBar
    public static final int[] ActionBarLayout
    public static final int[] ActionMenuItemView
    public static final int[] ActionMenuView
    public static final int[] ActionMode
    public static final int[] ActivityChooserView
    public static final int[] AlertDialog
    public static final int[] AnimatedStateListDrawableCompat
    public static final int[] AnimatedStateListDrawableItem
    public static final int[] AnimatedStateListDrawableTransition
    public static final int[] AppBarLayout
    public static final int[] AppBarLayoutStates
    public static final int[] AppBarLayout_Layout
    public static final int[] AppCompatImageView
    public static final int[] AppCompatSeekBar
    public static final int[] AppCompatTextHelper
    public static final int[] AppCompatTextView
    public static final int[] AppCompatTheme
    public static final int[] Autofill_InlineSuggestion
    public static final int[] Badge
    public static final int[] BlurView
    public static final int[] BlurringView
    public static final int[] BottomAppBar
    public static final int[] BottomNavigationView
    public static final int[] BottomSheetBehavior_Layout
    public static final int[] ButtonBarLayout
    public static final int[] Capability
    public static final int[] CardView
    public static final int[] Chip
    public static final int[] ChipGroup
    public static final int[] CollapsingToolbarLayout
com.F1M2ST.soexample.invokenative.PushModule$1:
    final synthetic com.F1M2ST.soexample.invokenative.PushModule this$0
com.F1M2ST.soexample.invokenative.PushModule$2:
    final synthetic com.F1M2ST.soexample.invokenative.PushModule this$0
com.F1M2ST.soexample.invokenative.PushModule$4:
    final synthetic com.F1M2ST.soexample.invokenative.PushModule this$0
com.F1M2ST.soexample.invokenative.PushModule$5:
    final synthetic com.F1M2ST.soexample.invokenative.PushModule this$0
com.F1M2ST.soexample.invokenative.PushModule$6:
    final synthetic com.F1M2ST.soexample.invokenative.PushModule this$0
...
android.support.v4.media.session.MediaControllerCompat$MediaControllerImplApi21$ExtraBinderRequestResultReceiver:
    void <init>(android.support.v4.media.session.MediaControllerCompat$MediaControllerImplApi21)
android.support.v4.media.session.MediaControllerCompat$MediaControllerImplApi21:
    protected final java.lang.Object mControllerObj
    public void <init>(android.content.Context,android.support.v4.media.session.MediaSessionCompat$Token)
    public void addQueueItem(android.support.v4.media.MediaDescriptionCompat)
    public void addQueueItem(android.support.v4.media.MediaDescriptionCompat,int)
    public void adjustVolume(int,int)
    public boolean dispatchMediaButtonEvent(android.view.KeyEvent)
    public android.os.Bundle getExtras()
    public long getFlags()
    public java.lang.Object getMediaController()
    public android.support.v4.media.MediaMetadataCompat getMetadata()
    public java.lang.String getPackageName()
    public android.support.v4.media.session.MediaControllerCompat$PlaybackInfo getPlaybackInfo()
    public android.support.v4.media.session.PlaybackStateCompat getPlaybackState()
    public java.util.List getQueue()
    public java.lang.CharSequence getQueueTitle()
    public int getRatingType()
    public int getRepeatMode()
    public android.app.PendingIntent getSessionActivity()
    public int getShuffleMode()
    public android.support.v4.media.session.MediaControllerCompat$TransportControls getTransportControls()
    public boolean isCaptioningEnabled()
    public boolean isSessionReady()
    public final void registerCallback(android.support.v4.media.session.MediaControllerCompat$Callback,android.os.Handler)
android.support.v4.media.session.MediaControllerCompat$MediaControllerImplApi23
android.support.v4.media.session.MediaControllerCompat$MediaControllerImplApi24
android.support.v4.media.session.MediaControllerCompat$MediaControllerImplBase
android.support.v4.media.session.MediaControllerCompat$PlaybackInfo:
    public static final int PLAYBACK_TYPE_LOCAL
    public static final int PLAYBACK_TYPE_REMOTE
    public int getAudioStream()
    public int getCurrentVolume()
    public int getMaxVolume()
    public int getPlaybackType()
    public int getVolumeControl()
android.support.v4.media.session.MediaControllerCompat$TransportControls
android.support.v4.media.session.MediaControllerCompat$TransportControlsApi21
android.support.v4.media.session.MediaControllerCompat$TransportControlsApi23
android.support.v4.media.session.MediaControllerCompat$TransportControlsApi24
android.support.v4.media.session.MediaControllerCompat$TransportControlsBase
android.support.v4.media.session.MediaControllerCompat
android.support.v4.media.session.MediaControllerCompatApi21$PlaybackInfo:
    private static final int FLAG_SCO
    private static final int STREAM_BLUETOOTH_SCO
    private static final int STREAM_SYSTEM_ENFORCED
    private void <init>()
    public static int getCurrentVolume(java.lang.Object)
    public static int getMaxVolume(java.lang.Object)
    public static int getPlaybackType(java.lang.Object)
    public static int getVolumeControl(java.lang.Object)
android.support.v4.media.session.MediaControllerCompatApi21$TransportControls